Build started 31.10.2018 18:54:02.
     1>Project "C:\Users\talap\OneDrive\документи\visual studio 2013\Projects\lab_4\lab_4\lab_4.vcxproj" on node 2 (Build target(s)).
     1>ClCompile:
         C:\Program Files (x86)\Microsoft Visual Studio 12.0\VC\bin\CL.exe /c /ZI /nologo /W3 /WX- /sdl /Od /Oy- /D _MBCS /Gm /EHsc /RTC1 /MDd /GS /fp:precise /Zc:wchar_t /Zc:forScope /Fo"Debug\\" /Fd"Debug\vc120.pdb" /Gd /TP /analyze- /errorReport:prompt Admin.cpp Book.cpp Bookstore.cpp Human.cpp Main.cpp Order.cpp Reader.cpp Seller.cpp
         Admin.cpp
         Generating Code...
         Compiling...
         Seller.cpp
     1>c:\users\talap\onedrive\документи\visual studio 2013\projects\lab_4\lab_4\seller.h(6): warning C4584: 'Seller' : base-class 'Human' is already a base-class of 'Admin'
                 c:\users\talap\onedrive\документи\visual studio 2013\projects\lab_4\lab_4\human.h(3) : see declaration of 'Human'
                 c:\users\talap\onedrive\документи\visual studio 2013\projects\lab_4\lab_4\admin.h(7) : see declaration of 'Admin'
         Reader.cpp
         Order.cpp
         Main.cpp
     1>c:\users\talap\onedrive\документи\visual studio 2013\projects\lab_4\lab_4\seller.h(6): warning C4584: 'Seller' : base-class 'Human' is already a base-class of 'Admin'
                 c:\users\talap\onedrive\документи\visual studio 2013\projects\lab_4\lab_4\human.h(3) : see declaration of 'Human'
                 c:\users\talap\onedrive\документи\visual studio 2013\projects\lab_4\lab_4\admin.h(7) : see declaration of 'Admin'
         Book.cpp
     1>c:\users\talap\onedrive\документи\visual studio 2013\projects\lab_4\lab_4\book.cpp(40): warning C4244: 'argument' : conversion from 'time_t' to 'unsigned int', possible loss of data
         Generating Code...
         Skipping... (no relevant changes detected)
         Human.cpp
         Bookstore.cpp
       Link:
         C:\Program Files (x86)\Microsoft Visual Studio 12.0\VC\bin\link.exe /ERRORREPORT:PROMPT /OUT:"C:\Users\talap\OneDrive\документи\visual studio 2013\Projects\lab_4\Debug\lab_4.exe" /INCREMENTAL /NOLOGO kernel32.lib user32.lib gdi32.lib winspool.lib comdlg32.lib advapi32.lib shell32.lib ole32.lib oleaut32.lib uuid.lib odbc32.lib odbccp32.lib /MANIFEST /MANIFESTUAC:"level='asInvoker' uiAccess='false'" /manifest:embed /DEBUG /PDB:"C:\Users\talap\OneDrive\документи\visual studio 2013\Projects\lab_4\Debug\lab_4.pdb" /TLBID:1 /DYNAMICBASE /NXCOMPAT /IMPLIB:"C:\Users\talap\OneDrive\документи\visual studio 2013\Projects\lab_4\Debug\lab_4.lib" /MACHINE:X86 Debug\Admin.obj
         Debug\Book.obj
         Debug\Bookstore.obj
         Debug\Human.obj
         Debug\Main.obj
         Debug\Order.obj
         Debug\Reader.obj
         Debug\Seller.obj
         lab_4.vcxproj -> C:\Users\talap\OneDrive\документи\visual studio 2013\Projects\lab_4\Debug\lab_4.exe
     1>Done Building Project "C:\Users\talap\OneDrive\документи\visual studio 2013\Projects\lab_4\lab_4\lab_4.vcxproj" (Build target(s)).

Build succeeded.

Time Elapsed 00:00:07.54
